Using pre-set license
Built from '2021.3/staging' branch; Version is '2021.3.16f1 (4016570cf34f) revision 4200023'; Using compiler version '192829333'; Build Type 'Release'
OS: 'Windows 11  (10.0.22621) 64bit Core' Language: 'pt' Physical Memory: 5996 MB
BatchMode: 1, IsHumanControllingUs: 0, StartBugReporterOnCrash: 0, Is64bit: 1, IsPro: 1

COMMAND LINE ARGUMENTS:
C:\Program Files\Unity\Hub\Editor\2021.3.16f1\Editor\Unity.exe
-adb2
-batchMode
-noUpm
-name
AssetImportWorker1
-projectPath
C:/Users/UmaGa/The Maze Runner Team/The Maze Runner Team
-logFile
Logs/AssetImportWorker1.log
-srvPort
55077
Successfully changed project path to: C:/Users/UmaGa/The Maze Runner Team/The Maze Runner Team
C:/Users/UmaGa/The Maze Runner Team/The Maze Runner Team
[UnityMemory] Configuration Parameters - Can be set up in boot.config
    "memorysetup-bucket-allocator-granularity=16"
    "memorysetup-bucket-allocator-bucket-count=8"
    "memorysetup-bucket-allocator-block-size=33554432"
    "memorysetup-bucket-allocator-block-count=8"
    "memorysetup-main-allocator-block-size=16777216"
    "memorysetup-thread-allocator-block-size=16777216"
    "memorysetup-gfx-main-allocator-block-size=16777216"
    "memorysetup-gfx-thread-allocator-block-size=16777216"
    "memorysetup-cache-allocator-block-size=4194304"
    "memorysetup-typetree-allocator-block-size=2097152"
    "memorysetup-profiler-bucket-allocator-granularity=16"
    "memorysetup-profiler-bucket-allocator-bucket-count=8"
    "memorysetup-profiler-bucket-allocator-block-size=33554432"
    "memorysetup-profiler-bucket-allocator-block-count=8"
    "memorysetup-profiler-allocator-block-size=16777216"
    "memorysetup-profiler-editor-allocator-block-size=1048576"
    "memorysetup-temp-allocator-size-main=16777216"
    "memorysetup-job-temp-allocator-block-size=2097152"
    "memorysetup-job-temp-allocator-block-size-background=1048576"
    "memorysetup-job-temp-allocator-reduction-small-platforms=262144"
    "memorysetup-temp-allocator-size-background-worker=32768"
    "memorysetup-temp-allocator-size-job-worker=262144"
    "memorysetup-temp-allocator-size-preload-manager=33554432"
    "memorysetup-temp-allocator-size-nav-mesh-worker=65536"
    "memorysetup-temp-allocator-size-audio-worker=65536"
    "memorysetup-temp-allocator-size-cloud-worker=32768"
    "memorysetup-temp-allocator-size-gi-baking-worker=262144"
    "memorysetup-temp-allocator-size-gfx=262144"
Player connection [12464] Host "[IP] 192.168.1.154 [Port] 0 [Flags] 2 [Guid] 3169824327 [EditorId] 3169824327 [Version] 1048832 [Id] WindowsEditor(7,yuumi) [Debug] 1 [PackageName] WindowsEditor [ProjectName] Editor" joined multi-casting on [225.0.0.222:54997]...

Player connection [12464] Host "[IP] 192.168.1.154 [Port] 0 [Flags] 2 [Guid] 3169824327 [EditorId] 3169824327 [Version] 1048832 [Id] WindowsEditor(7,yuumi) [Debug] 1 [PackageName] WindowsEditor [ProjectName] Editor" joined alternative multi-casting on [225.0.0.222:34997]...

Refreshing native plugins compatible for Editor in 305.66 ms, found 3 plugins.
Preloading 0 native plugins for Editor in 0.00 ms.
Initialize engine version: 2021.3.16f1 (4016570cf34f)
[Subsystems] Discovering subsystems at path C:/Program Files/Unity/Hub/Editor/2021.3.16f1/Editor/Data/Resources/UnitySubsystems
[Subsystems] Discovering subsystems at path C:/Users/UmaGa/The Maze Runner Team/The Maze Runner Team/Assets
GfxDevice: creating device client; threaded=0; jobified=0
Direct3D:
    Version:  Direct3D 11.0 [level 11.1]
    Renderer: AMD Radeon RX 6600M (ID=0x73ff)
    Vendor:   ATI
    VRAM:     8147 MB
    Driver:   30.0.14052.9003
Initialize mono
Mono path[0] = 'C:/Program Files/Unity/Hub/Editor/2021.3.16f1/Editor/Data/Managed'
Mono path[1] = 'C:/Program Files/Unity/Hub/Editor/2021.3.16f1/Editor/Data/MonoBleedingEdge/lib/mono/unityjit-win32'
Mono config path = 'C:/Program Files/Unity/Hub/Editor/2021.3.16f1/Editor/Data/MonoBleedingEdge/etc'
Using monoOptions --debugger-agent=transport=dt_socket,embedding=1,server=y,suspend=n,address=127.0.0.1:56120
Begin MonoManager ReloadAssembly
Registering precompiled unity dll's ...
Register platform support module: C:/Program Files/Unity/Hub/Editor/2021.3.16f1/Editor/Data/PlaybackEngines/WebGLSupport/UnityEditor.WebGL.Extensions.dll
Register platform support module: C:/Program Files/Unity/Hub/Editor/2021.3.16f1/Editor/Data/PlaybackEngines/WindowsStandaloneSupport/UnityEditor.WindowsStandalone.Extensions.dll
Registered in 0.013852 seconds.
Native extension for WindowsStandalone target not found
Native extension for WebGL target not found
Refreshing native plugins compatible for Editor in 72.26 ms, found 3 plugins.
Preloading 0 native plugins for Editor in 0.00 ms.
Mono: successfully reloaded assembly
- Completed reload, in  0.997 seconds
Domain Reload Profiling:
	ReloadAssembly (998ms)
		BeginReloadAssembly (200ms)
			ExecutionOrderSort (0ms)
			DisableScriptedObjects (0ms)
			BackupInstance (0ms)
			ReleaseScriptingObjects (0ms)
			CreateAndSetChildDomain (2ms)
		EndReloadAssembly (631ms)
			LoadAssemblies (195ms)
			RebuildTransferFunctionScriptingTraits (2ms)
			SetupTypeCache (156ms)
			ReleaseScriptCaches (0ms)
			RebuildScriptCaches (31ms)
			SetupLoadedEditorAssemblies (366ms)
				LogAssemblyErrors (0ms)
				InitializePlatformSupportModulesInManaged (14ms)
				SetLoadedEditorAssemblies (0ms)
				RefreshPlugins (72ms)
				BeforeProcessingInitializeOnLoad (2ms)
				ProcessInitializeOnLoadAttributes (205ms)
				ProcessInitializeOnLoadMethodAttributes (72ms)
				AfterProcessingInitializeOnLoad (0ms)
				EditorAssembliesLoaded (0ms)
			ExecutionOrderSort2 (0ms)
			AwakeInstancesAfterBackupRestoration (0ms)
Platform modules already initialized, skipping
Registering precompiled user dll's ...
Registered in 0.032911 seconds.
Begin MonoManager ReloadAssembly
Native extension for WindowsStandalone target not found
Native extension for WebGL target not found
Refreshing native plugins compatible for Editor in 78.04 ms, found 3 plugins.
Preloading 0 native plugins for Editor in 0.00 ms.
Mono: successfully reloaded assembly
- Completed reload, in  1.879 seconds
Domain Reload Profiling:
	ReloadAssembly (1880ms)
		BeginReloadAssembly (191ms)
			ExecutionOrderSort (0ms)
			DisableScriptedObjects (11ms)
			BackupInstance (0ms)
			ReleaseScriptingObjects (0ms)
			CreateAndSetChildDomain (29ms)
		EndReloadAssembly (1509ms)
			LoadAssemblies (253ms)
			RebuildTransferFunctionScriptingTraits (0ms)
			SetupTypeCache (391ms)
			ReleaseScriptCaches (1ms)
			RebuildScriptCaches (82ms)
			SetupLoadedEditorAssemblies (734ms)
				LogAssemblyErrors (0ms)
				InitializePlatformSupportModulesInManaged (8ms)
				SetLoadedEditorAssemblies (0ms)
				RefreshPlugins (78ms)
				BeforeProcessingInitializeOnLoad (152ms)
				ProcessInitializeOnLoadAttributes (414ms)
				ProcessInitializeOnLoadMethodAttributes (65ms)
				AfterProcessingInitializeOnLoad (16ms)
				EditorAssembliesLoaded (0ms)
			ExecutionOrderSort2 (0ms)
			AwakeInstancesAfterBackupRestoration (11ms)
Platform modules already initialized, skipping
========================================================================
Worker process is ready to serve import requests
Launched and connected shader compiler UnityShaderCompiler.exe after 0.12 seconds
Refreshing native plugins compatible for Editor in 0.95 ms, found 3 plugins.
Preloading 0 native plugins for Editor in 0.00 ms.
Unloading 2903 Unused Serialized files (Serialized files now loaded: 0)
Unloading 58 unused Assets / (1.3 MB). Loaded Objects now: 3371.
Memory consumption went from 148.7 MB to 147.3 MB.
Total: 5.591600 ms (FindLiveObjects: 0.664900 ms CreateObjectMapping: 0.181900 ms MarkObjects: 4.385400 ms  DeleteObjects: 0.357700 ms)

AssetImportParameters requested are different than current active one (requested -> active):
  custom:video-decoder-ogg-theora: a1e56fd34408186e4bbccfd4996cb3dc -> 
  custom:container-muxer-webm: aa71ff27fc2769a1b78a27578f13a17b -> 
  custom:container-demuxer-webm: 4f35f7cbe854078d1ac9338744f61a02 -> 
  custom:video-encoder-webm-vp8: eb34c28f22e8b96e1ab97ce403110664 -> 
  custom:video-codec-MediaFoundation-h265: 746d11721c4dcdbdad8f713fa42b33f4 -> 
  custom:audio-encoder-webm-vorbis: bf7c407c2cedff20999df2af8eb42d56 -> 
  custom:framework-win-MediaFoundation: 216162199b28c13a410421893ffa2e32 -> 
  custom:container-demuxer-ogg: 62fdf1f143b41e24485cea50d1cbac27 -> 
  custom:video-decoder-webm-vp8: 9c59270c3fd7afecdb556c50c9e8de78 -> 
  custom:audio-decoder-ogg-vorbis: bf7c407c2cedff20999df2af8eb42d56 -> 
========================================================================
Received Import Request.
  Time since last request: 603704.856546 seconds.
  path: Assets/Scenes/Enemy2.prefab
  artifactKey: Guid(72a1d1fd0928d4648b871d295c87735e) Importer(815301076,1909f56bfc062723c751e8b465ee728b)
Start importing Assets/Scenes/Enemy2.prefab using Guid(72a1d1fd0928d4648b871d295c87735e) Importer(815301076,1909f56bfc062723c751e8b465ee728b)  -> (artifact id: '2383f11341f4901ceeb0e6fea5c8b4ba') in 0.319157 seconds 
========================================================================
Received Import Request.
  Time since last request: 0.000045 seconds.
  path: Assets/Scenes/House.prefab
  artifactKey: Guid(de5cec0dd5b89884ba28cdb7f51e482b) Importer(815301076,1909f56bfc062723c751e8b465ee728b)
Start importing Assets/Scenes/House.prefab using Guid(de5cec0dd5b89884ba28cdb7f51e482b) Importer(815301076,1909f56bfc062723c751e8b465ee728b)  -> (artifact id: 'dc74c1f6441c369d5a61b7244c5f83be') in 0.059532 seconds 
========================================================================
Received Import Request.
  Time since last request: 15.295106 seconds.
  path: Assets/BUILD ONE ASSETS/Player_animations/Jump_pixelScale1.png
  artifactKey: Guid(fcb5bcd12b89f0c44bf4602f3452323a) Importer(815301076,1909f56bfc062723c751e8b465ee728b)
Start importing Assets/BUILD ONE ASSETS/Player_animations/Jump_pixelScale1.png using Guid(fcb5bcd12b89f0c44bf4602f3452323a) Importer(815301076,1909f56bfc062723c751e8b465ee728b)  -> (artifact id: '83b90d1490dd03bd4145834aa72b6ba5') in 0.161045 seconds 
========================================================================
Received Import Request.
  Time since last request: 0.000028 seconds.
  path: Assets/BUILD ONE ASSETS/Player_animations/stab_pixelscale1.png
  artifactKey: Guid(a818f7c86b1ed7e4e87b6e4bc01fe824) Importer(815301076,1909f56bfc062723c751e8b465ee728b)
Start importing Assets/BUILD ONE ASSETS/Player_animations/stab_pixelscale1.png using Guid(a818f7c86b1ed7e4e87b6e4bc01fe824) Importer(815301076,1909f56bfc062723c751e8b465ee728b)  -> (artifact id: '5bf1af85c5db839e71c5bd7e63ea58cb') in 0.038376 seconds 
========================================================================
Received Import Request.
  Time since last request: 4.093934 seconds.
  path: Assets/BUILD ONE ASSETS/Pallete/Background1_unity_0.asset
  artifactKey: Guid(9364ec975785e5e4a9cfedceaf24b615) Importer(815301076,1909f56bfc062723c751e8b465ee728b)
Start importing Assets/BUILD ONE ASSETS/Pallete/Background1_unity_0.asset using Guid(9364ec975785e5e4a9cfedceaf24b615) Importer(815301076,1909f56bfc062723c751e8b465ee728b)  -> (artifact id: '08e6763cd80a2499f7fab0b67f12ac9b') in 0.049038 seconds 
========================================================================
Received Import Request.
  Time since last request: 0.000041 seconds.
  path: Assets/BUILD ONE ASSETS/Pallete/Background1_unity_7.asset
  artifactKey: Guid(26049de0f7de0d84084e96c10f5ff89d) Importer(815301076,1909f56bfc062723c751e8b465ee728b)
Start importing Assets/BUILD ONE ASSETS/Pallete/Background1_unity_7.asset using Guid(26049de0f7de0d84084e96c10f5ff89d) Importer(815301076,1909f56bfc062723c751e8b465ee728b)  -> (artifact id: 'c181601419bd5301a0c69e16e76aac2a') in 0.034833 seconds 
========================================================================
Received Import Request.
  Time since last request: 0.000063 seconds.
  path: Assets/BUILD ONE ASSETS/Pallete/Background1_unity_21.asset
  artifactKey: Guid(346dba27ac198b8448c07d59e62fc01e) Importer(815301076,1909f56bfc062723c751e8b465ee728b)
Start importing Assets/BUILD ONE ASSETS/Pallete/Background1_unity_21.asset using Guid(346dba27ac198b8448c07d59e62fc01e) Importer(815301076,1909f56bfc062723c751e8b465ee728b)  -> (artifact id: '73cb32692bfc7b2686d818a996606fb6') in 0.025313 seconds 
========================================================================
Received Import Request.
  Time since last request: 0.000048 seconds.
  path: Assets/BUILD ONE ASSETS/Pallete/Background1_unity_14.asset
  artifactKey: Guid(018896b4ce40eb84e843e30884b468c8) Importer(815301076,1909f56bfc062723c751e8b465ee728b)
Start importing Assets/BUILD ONE ASSETS/Pallete/Background1_unity_14.asset using Guid(018896b4ce40eb84e843e30884b468c8) Importer(815301076,1909f56bfc062723c751e8b465ee728b)  -> (artifact id: '9c63fb7c78068e8b8e5d4474e52dc41d') in 0.023007 seconds 
========================================================================
Received Import Request.
  Time since last request: 0.000024 seconds.
  path: Assets/BUILD ONE ASSETS/Pallete/Background1_unity_4.asset
  artifactKey: Guid(9242a7b4a6cec29498567c1dbdbe71aa) Importer(815301076,1909f56bfc062723c751e8b465ee728b)
Start importing Assets/BUILD ONE ASSETS/Pallete/Background1_unity_4.asset using Guid(9242a7b4a6cec29498567c1dbdbe71aa) Importer(815301076,1909f56bfc062723c751e8b465ee728b)  -> (artifact id: 'afeb60aee0c115caca92241f9bbfbcee') in 0.023802 seconds 
========================================================================
Received Import Request.
  Time since last request: 0.000043 seconds.
  path: Assets/BUILD ONE ASSETS/Pallete/Background1_unity_22.asset
  artifactKey: Guid(5f2b7d50bdb881f45a8a27c324e5b924) Importer(815301076,1909f56bfc062723c751e8b465ee728b)
Start importing Assets/BUILD ONE ASSETS/Pallete/Background1_unity_22.asset using Guid(5f2b7d50bdb881f45a8a27c324e5b924) Importer(815301076,1909f56bfc062723c751e8b465ee728b)  -> (artifact id: '8e71b30e9fea33767eed4c6d9c4b0d6b') in 0.020152 seconds 
========================================================================
Received Import Request.
  Time since last request: 0.000030 seconds.
  path: Assets/BUILD ONE ASSETS/Pallete/Background1_unity_23.asset
  artifactKey: Guid(b167054743a74404f84532f965a03667) Importer(815301076,1909f56bfc062723c751e8b465ee728b)
Start importing Assets/BUILD ONE ASSETS/Pallete/Background1_unity_23.asset using Guid(b167054743a74404f84532f965a03667) Importer(815301076,1909f56bfc062723c751e8b465ee728b)  -> (artifact id: 'c0291c71c695dd119ac5a81aa173bce0') in 0.020210 seconds 
========================================================================
Received Import Request.
  Time since last request: 0.000040 seconds.
  path: Assets/BUILD ONE ASSETS/Pallete/Background1_unity_20.asset
  artifactKey: Guid(efe280cd887758e4d97a28129b62872f) Importer(815301076,1909f56bfc062723c751e8b465ee728b)
Start importing Assets/BUILD ONE ASSETS/Pallete/Background1_unity_20.asset using Guid(efe280cd887758e4d97a28129b62872f) Importer(815301076,1909f56bfc062723c751e8b465ee728b)  -> (artifact id: '636ee910e5549d958b52a2e71eab3764') in 0.019481 seconds 
========================================================================
Received Import Request.
  Time since last request: 0.000035 seconds.
  path: Assets/BUILD ONE ASSETS/Pallete/Background1_unity_5.asset
  artifactKey: Guid(cdb39df432b092540aed4a19446fede0) Importer(815301076,1909f56bfc062723c751e8b465ee728b)
Start importing Assets/BUILD ONE ASSETS/Pallete/Background1_unity_5.asset using Guid(cdb39df432b092540aed4a19446fede0) Importer(815301076,1909f56bfc062723c751e8b465ee728b)  -> (artifact id: '4a3c1295a6d76ab46e9bbc72becc7187') in 0.022409 seconds 
========================================================================
Received Import Request.
  Time since last request: 0.000042 seconds.
  path: Assets/BUILD ONE ASSETS/Pallete/Background1_unity_29.asset
  artifactKey: Guid(b62258c7a62818c4d9cdf86dfd67788e) Importer(815301076,1909f56bfc062723c751e8b465ee728b)
Start importing Assets/BUILD ONE ASSETS/Pallete/Background1_unity_29.asset using Guid(b62258c7a62818c4d9cdf86dfd67788e) Importer(815301076,1909f56bfc062723c751e8b465ee728b)  -> (artifact id: '4ea2ebae540f116fc60c41646e2f737d') in 0.020993 seconds 
========================================================================
Received Import Request.
  Time since last request: 0.000054 seconds.
  path: Assets/BUILD ONE ASSETS/Pallete/Background1_unity_6.asset
  artifactKey: Guid(e577d1932b9e8dc4badcacd927230090) Importer(815301076,1909f56bfc062723c751e8b465ee728b)
Start importing Assets/BUILD ONE ASSETS/Pallete/Background1_unity_6.asset using Guid(e577d1932b9e8dc4badcacd927230090) Importer(815301076,1909f56bfc062723c751e8b465ee728b)  -> (artifact id: '8ed47ab77de72ff4054f22e95661f4ba') in 0.018603 seconds 
========================================================================
Received Import Request.
  Time since last request: 0.000027 seconds.
  path: Assets/BUILD ONE ASSETS/Pallete/Background1_unity_12.asset
  artifactKey: Guid(e00828a3b91726147b9ac442efe50876) Importer(815301076,1909f56bfc062723c751e8b465ee728b)
Start importing Assets/BUILD ONE ASSETS/Pallete/Background1_unity_12.asset using Guid(e00828a3b91726147b9ac442efe50876) Importer(815301076,1909f56bfc062723c751e8b465ee728b)  -> (artifact id: '1a939dce0f90eeb83027911046cd7a1e') in 0.022441 seconds 
========================================================================
Received Import Request.
  Time since last request: 0.000082 seconds.
  path: Assets/BUILD ONE ASSETS/Pallete/Background1_unity_13.asset
  artifactKey: Guid(f14f494387948b8488fa29cfbac781b2) Importer(815301076,1909f56bfc062723c751e8b465ee728b)
Start importing Assets/BUILD ONE ASSETS/Pallete/Background1_unity_13.asset using Guid(f14f494387948b8488fa29cfbac781b2) Importer(815301076,1909f56bfc062723c751e8b465ee728b)  -> (artifact id: 'a8a0a721f4ac2fa085e2c1c76f2c4d6d') in 0.024062 seconds 
========================================================================
Received Import Request.
  Time since last request: 0.000044 seconds.
  path: Assets/BUILD ONE ASSETS/Pallete/Background1_unity_24.asset
  artifactKey: Guid(475fa994b0309ec4c890dd31151be61d) Importer(815301076,1909f56bfc062723c751e8b465ee728b)
Start importing Assets/BUILD ONE ASSETS/Pallete/Background1_unity_24.asset using Guid(475fa994b0309ec4c890dd31151be61d) Importer(815301076,1909f56bfc062723c751e8b465ee728b)  -> (artifact id: '22d58279ea9126478f76ca5e5df0037a') in 0.019964 seconds 
========================================================================
Received Import Request.
  Time since last request: 0.000038 seconds.
  path: Assets/BUILD ONE ASSETS/Pallete/Background1_unity_25.asset
  artifactKey: Guid(2f358150c96696042b4b84319cb4fed4) Importer(815301076,1909f56bfc062723c751e8b465ee728b)
Start importing Assets/BUILD ONE ASSETS/Pallete/Background1_unity_25.asset using Guid(2f358150c96696042b4b84319cb4fed4) Importer(815301076,1909f56bfc062723c751e8b465ee728b)  -> (artifact id: 'a6680e65164ca77d4a9215d5e3187547') in 0.019791 seconds 
========================================================================
Received Import Request.
  Time since last request: 0.000043 seconds.
  path: Assets/BUILD ONE ASSETS/Pallete/Background1_unity_17.asset
  artifactKey: Guid(753524509ca5b5648b69b51179073594) Importer(815301076,1909f56bfc062723c751e8b465ee728b)
Start importing Assets/BUILD ONE ASSETS/Pallete/Background1_unity_17.asset using Guid(753524509ca5b5648b69b51179073594) Importer(815301076,1909f56bfc062723c751e8b465ee728b)  -> (artifact id: '7a1d26a6a90e8eb9d63bae8244050f80') in 0.022584 seconds 
========================================================================
Received Import Request.
  Time since last request: 0.000039 seconds.
  path: Assets/BUILD ONE ASSETS/Pallete/Background1_unity_19.asset
  artifactKey: Guid(3795fd8bae994ca4cbc346efff602448) Importer(815301076,1909f56bfc062723c751e8b465ee728b)
Start importing Assets/BUILD ONE ASSETS/Pallete/Background1_unity_19.asset using Guid(3795fd8bae994ca4cbc346efff602448) Importer(815301076,1909f56bfc062723c751e8b465ee728b)  -> (artifact id: 'cb49b4a76b73ba6d676319c2a9895b30') in 0.022415 seconds 
========================================================================
Received Import Request.
  Time since last request: 0.000026 seconds.
  path: Assets/BUILD ONE ASSETS/Pallete/Background1_unity_31.asset
  artifactKey: Guid(105d1133e6fd25841b4660ad4a1e4e1e) Importer(815301076,1909f56bfc062723c751e8b465ee728b)
Start importing Assets/BUILD ONE ASSETS/Pallete/Background1_unity_31.asset using Guid(105d1133e6fd25841b4660ad4a1e4e1e) Importer(815301076,1909f56bfc062723c751e8b465ee728b)  -> (artifact id: '1ad85552e58e4ea5485fd9210e6526c2') in 0.022797 seconds 
========================================================================
Received Import Request.
  Time since last request: 0.000050 seconds.
  path: Assets/BUILD ONE ASSETS/Pallete/Background1_unity_2.asset
  artifactKey: Guid(29291665f8412f949b114eba77a25311) Importer(815301076,1909f56bfc062723c751e8b465ee728b)
Start importing Assets/BUILD ONE ASSETS/Pallete/Background1_unity_2.asset using Guid(29291665f8412f949b114eba77a25311) Importer(815301076,1909f56bfc062723c751e8b465ee728b)  -> (artifact id: '55809794c2a189b86f162e5d5c127fb8') in 0.021700 seconds 
========================================================================
Received Import Request.
  Time since last request: 0.813081 seconds.
  path: Assets/BUILD ONE ASSETS/Pallete/Background1_unity_34.asset
  artifactKey: Guid(afa7f1c33ad63c5479031906a0ad0e8c) Importer(815301076,1909f56bfc062723c751e8b465ee728b)
Start importing Assets/BUILD ONE ASSETS/Pallete/Background1_unity_34.asset using Guid(afa7f1c33ad63c5479031906a0ad0e8c) Importer(815301076,1909f56bfc062723c751e8b465ee728b)  -> (artifact id: '300e78e31c3380186077bcc18e9aeb50') in 0.023346 seconds 
========================================================================
Received Import Request.
  Time since last request: 0.000031 seconds.
  path: Assets/BUILD ONE ASSETS/Pallete/Background1_unity_38.asset
  artifactKey: Guid(aa9b6a00cae03144abd615c30e0b6390) Importer(815301076,1909f56bfc062723c751e8b465ee728b)
Start importing Assets/BUILD ONE ASSETS/Pallete/Background1_unity_38.asset using Guid(aa9b6a00cae03144abd615c30e0b6390) Importer(815301076,1909f56bfc062723c751e8b465ee728b)  -> (artifact id: '8cc8bdfb9e014cb7e6f7a420f8be43a1') in 0.021322 seconds 
========================================================================
Received Import Request.
  Time since last request: 0.000050 seconds.
  path: Assets/BUILD ONE ASSETS/Pallete/Background1_unity_43.asset
  artifactKey: Guid(f7bd98b61dd8f0d42bedb543c3c83de8) Importer(815301076,1909f56bfc062723c751e8b465ee728b)
Start importing Assets/BUILD ONE ASSETS/Pallete/Background1_unity_43.asset using Guid(f7bd98b61dd8f0d42bedb543c3c83de8) Importer(815301076,1909f56bfc062723c751e8b465ee728b)  -> (artifact id: '2fe997e8ac499328e3b9b078e4741cdb') in 0.021153 seconds 
========================================================================
Received Import Request.
  Time since last request: 0.000051 seconds.
  path: Assets/BUILD ONE ASSETS/Pallete/Background1_unity_39.asset
  artifactKey: Guid(5f7eeee6bebc5374f96852feaf3a45e8) Importer(815301076,1909f56bfc062723c751e8b465ee728b)
Start importing Assets/BUILD ONE ASSETS/Pallete/Background1_unity_39.asset using Guid(5f7eeee6bebc5374f96852feaf3a45e8) Importer(815301076,1909f56bfc062723c751e8b465ee728b)  -> (artifact id: 'ec6772efb366d7cd8fbdb373c723abca') in 0.024032 seconds 
========================================================================
Received Import Request.
  Time since last request: 0.000057 seconds.
  path: Assets/BUILD ONE ASSETS/Pallete/Background1_unity_40.asset
  artifactKey: Guid(5ecbfd538a70a18459190ddeaa2cb36f) Importer(815301076,1909f56bfc062723c751e8b465ee728b)
Start importing Assets/BUILD ONE ASSETS/Pallete/Background1_unity_40.asset using Guid(5ecbfd538a70a18459190ddeaa2cb36f) Importer(815301076,1909f56bfc062723c751e8b465ee728b)  -> (artifact id: '2acd36a02f439014506a6d944eabb9e8') in 0.023635 seconds 
========================================================================
Received Import Request.
  Time since last request: 0.000036 seconds.
  path: Assets/BUILD ONE ASSETS/Pallete/Background1_unity_47.asset
  artifactKey: Guid(2d3240f2332affa47bfec82d15addd0c) Importer(815301076,1909f56bfc062723c751e8b465ee728b)
Start importing Assets/BUILD ONE ASSETS/Pallete/Background1_unity_47.asset using Guid(2d3240f2332affa47bfec82d15addd0c) Importer(815301076,1909f56bfc062723c751e8b465ee728b)  -> (artifact id: '87def5ae213a84ba84c0a44e09744e75') in 0.025885 seconds 
========================================================================
Received Import Request.
  Time since last request: 0.000041 seconds.
  path: Assets/BUILD ONE ASSETS/Pallete/Background1_unity_51.asset
  artifactKey: Guid(087de3fd72600d64681726cb8373d056) Importer(815301076,1909f56bfc062723c751e8b465ee728b)
Start importing Assets/BUILD ONE ASSETS/Pallete/Background1_unity_51.asset using Guid(087de3fd72600d64681726cb8373d056) Importer(815301076,1909f56bfc062723c751e8b465ee728b)  -> (artifact id: '9b91f278870a6145ce30a5206af06d64') in 0.024826 seconds 
========================================================================
Received Import Request.
  Time since last request: 0.000067 seconds.
  path: Assets/BUILD ONE ASSETS/Pallete/Background1_unity_45.asset
  artifactKey: Guid(6cf3a4ec789048749be04e65cefa29e6) Importer(815301076,1909f56bfc062723c751e8b465ee728b)
Start importing Assets/BUILD ONE ASSETS/Pallete/Background1_unity_45.asset using Guid(6cf3a4ec789048749be04e65cefa29e6) Importer(815301076,1909f56bfc062723c751e8b465ee728b)  -> (artifact id: 'ca8c74ac4bddd334057e020910103fc1') in 0.022263 seconds 
========================================================================
Received Import Request.
  Time since last request: 0.000027 seconds.
  path: Assets/BUILD ONE ASSETS/Pallete/Background1_unity_54.asset
  artifactKey: Guid(dfabc839aba66db4fbbe0fb4ab3a5d8a) Importer(815301076,1909f56bfc062723c751e8b465ee728b)
Start importing Assets/BUILD ONE ASSETS/Pallete/Background1_unity_54.asset using Guid(dfabc839aba66db4fbbe0fb4ab3a5d8a) Importer(815301076,1909f56bfc062723c751e8b465ee728b)  -> (artifact id: 'cf68717c0fe863632db9174cc2417fcf') in 0.020618 seconds 
========================================================================
Received Import Request.
  Time since last request: 0.000048 seconds.
  path: Assets/BUILD ONE ASSETS/Pallete/Background1_unity_49.asset
  artifactKey: Guid(3a1a8b6a0132aac4ebb429350c289a80) Importer(815301076,1909f56bfc062723c751e8b465ee728b)
Start importing Assets/BUILD ONE ASSETS/Pallete/Background1_unity_49.asset using Guid(3a1a8b6a0132aac4ebb429350c289a80) Importer(815301076,1909f56bfc062723c751e8b465ee728b)  -> (artifact id: '3b1bde7490244df62da0295cd11f091e') in 0.023157 seconds 
========================================================================
Received Import Request.
  Time since last request: 0.000035 seconds.
  path: Assets/BUILD ONE ASSETS/Pallete/Background1_unity_46.asset
  artifactKey: Guid(9f550907bfb6acb47acac945ce74718e) Importer(815301076,1909f56bfc062723c751e8b465ee728b)
Start importing Assets/BUILD ONE ASSETS/Pallete/Background1_unity_46.asset using Guid(9f550907bfb6acb47acac945ce74718e) Importer(815301076,1909f56bfc062723c751e8b465ee728b)  -> (artifact id: 'f2aa9f0b7488c1a42f7e282903d7ce66') in 0.023884 seconds 
========================================================================
Received Import Request.
  Time since last request: 0.079900 seconds.
  path: Assets/BUILD ONE ASSETS/Pallete/Background1_unity_56.asset
  artifactKey: Guid(1412fc5c2edcb6f408783bfe3b9ef696) Importer(815301076,1909f56bfc062723c751e8b465ee728b)
Start importing Assets/BUILD ONE ASSETS/Pallete/Background1_unity_56.asset using Guid(1412fc5c2edcb6f408783bfe3b9ef696) Importer(815301076,1909f56bfc062723c751e8b465ee728b)  -> (artifact id: 'fc6831c3f6627c9cfb4960c2da1b8e7b') in 0.017374 seconds 
========================================================================
Received Import Request.
  Time since last request: 0.000035 seconds.
  path: Assets/BUILD ONE ASSETS/Pallete/Background1_unity_57.asset
  artifactKey: Guid(5a59b7d21224b5c4ea522fb44e0675c1) Importer(815301076,1909f56bfc062723c751e8b465ee728b)
Start importing Assets/BUILD ONE ASSETS/Pallete/Background1_unity_57.asset using Guid(5a59b7d21224b5c4ea522fb44e0675c1) Importer(815301076,1909f56bfc062723c751e8b465ee728b)  -> (artifact id: '1bf0e7f08cdbb4bcc840d9ce67d57938') in 0.021981 seconds 
========================================================================
Received Import Request.
  Time since last request: 0.000042 seconds.
  path: Assets/BUILD ONE ASSETS/Pallete/Background1_unity_58.asset
  artifactKey: Guid(70a6950aff5b5e64e9eeca925b0c2710) Importer(815301076,1909f56bfc062723c751e8b465ee728b)
Start importing Assets/BUILD ONE ASSETS/Pallete/Background1_unity_58.asset using Guid(70a6950aff5b5e64e9eeca925b0c2710) Importer(815301076,1909f56bfc062723c751e8b465ee728b)  -> (artifact id: '95a1f902d8cce49a6c57ec2b77523fc3') in 0.020984 seconds 
Editor requested this worker to shutdown with reason: Scaling down because of idle timeout
AssetImportWorker is now disconnected from the server
Process exiting
Exiting without the bug reporter. Application will terminate with return code 0